Build started 3/3/2015 5:14:29 PM.
     1>Project "C:\Users\wade.gushikuma\Documents\GitHub\graphs\graphs\graphs.vcxproj" on node 2 (Build target(s)).
     1>ClCompile:
         C:\Program Files (x86)\Microsoft Visual Studio 12.0\VC\bin\CL.exe /c /ZI /nologo /W3 /WX- /sdl /Od /Oy- /D _MBCS /Gm /EHsc /RTC1 /MDd /GS /fp:precise /Zc:wchar_t /Zc:forScope /Fo"Debug\\" /Fd"Debug\vc120.pdb" /Gd /TP /analyze- /errorReport:prompt graph.cpp
         graph.cpp
     1>c:\users\wade.gushikuma\documents\github\graphs\graphs\graph.cpp(11): warning C4244: '=' : conversion from 'int' to 'float', possible loss of data
     1>c:\users\wade.gushikuma\documents\github\graphs\graphs\graph.cpp(12): warning C4244: '=' : conversion from 'int' to 'float', possible loss of data
     1>c:\users\wade.gushikuma\documents\github\graphs\graphs\graph.cpp(24): warning C4244: 'initializing' : conversion from 'int' to 'float', possible loss of data
     1>c:\users\wade.gushikuma\documents\github\graphs\graphs\graph.cpp(27): warning C4244: 'argument' : conversion from 'float' to 'unsigned int', possible loss of data
     1>c:\users\wade.gushikuma\documents\github\graphs\graphs\graph.cpp(30): warning C4244: 'argument' : conversion from 'float' to 'unsigned int', possible loss of data
     1>c:\users\wade.gushikuma\documents\github\graphs\graphs\graph.cpp(33): warning C4244: 'argument' : conversion from 'float' to 'unsigned int', possible loss of data
     1>c:\users\wade.gushikuma\documents\github\graphs\graphs\graph.cpp(36): warning C4244: 'argument' : conversion from 'float' to 'unsigned int', possible loss of data
     1>c:\users\wade.gushikuma\documents\github\graphs\graphs\graph.cpp(139): warning C4018: '<' : signed/unsigned mismatch
     1>c:\users\wade.gushikuma\documents\github\graphs\graphs\graph.cpp(156): warning C4018: '<' : signed/unsigned mismatch
     1>c:\users\wade.gushikuma\documents\github\graphs\graphs\graph.cpp(193): warning C4018: '<' : signed/unsigned mismatch
     1>c:\users\wade.gushikuma\documents\github\graphs\graphs\graph.cpp(210): warning C4244: 'initializing' : conversion from 'float' to 'unsigned int', possible loss of data
     1>c:\users\wade.gushikuma\documents\github\graphs\graphs\graph.cpp(216): warning C4244: 'initializing' : conversion from 'float' to 'unsigned int', possible loss of data
     1>c:\users\wade.gushikuma\documents\github\graphs\graphs\graph.cpp(217): warning C4244: 'initializing' : conversion from 'float' to 'unsigned int', possible loss of data
       Link:
         C:\Program Files (x86)\Microsoft Visual Studio 12.0\VC\bin\link.exe /ERRORREPORT:PROMPT /OUT:"C:\Users\wade.gushikuma\Documents\GitHub\graphs\Debug\graphs.exe" /INCREMENTAL /NOLOGO kernel32.lib user32.lib gdi32.lib winspool.lib comdlg32.lib advapi32.lib shell32.lib ole32.lib oleaut32.lib uuid.lib odbc32.lib odbccp32.lib /MANIFEST /MANIFESTUAC:"level='asInvoker' uiAccess='false'" /manifest:embed /DEBUG /PDB:"C:\Users\wade.gushikuma\Documents\GitHub\graphs\Debug\graphs.pdb" /TLBID:1 /DYNAMICBASE /NXCOMPAT /IMPLIB:"C:\Users\wade.gushikuma\Documents\GitHub\graphs\Debug\graphs.lib" /MACHINE:X86 Debug\graph.obj
         Debug\main.obj
         graphs.vcxproj -> C:\Users\wade.gushikuma\Documents\GitHub\graphs\Debug\graphs.exe
     1>Done Building Project "C:\Users\wade.gushikuma\Documents\GitHub\graphs\graphs\graphs.vcxproj" (Build target(s)).

Build succeeded.

Time Elapsed 00:00:01.21
